# JRE version: OpenJDK Runtime Environment (8.0_152-b08) (build 1.8.0_152-release-915-b08)
# Java VM: OpenJDK 64-Bit Server VM (25.152-b08 mixed mode bsd-amd64 compressed oops)
Heap:
 PSYoungGen      total 415232K, used 65568K [0x00000007a0000000, 0x00000007c0000000, 0x00000007c0000000)
  eden space 354816K, 18% used [0x00000007a0000000,0x00000007a40081b0,0x00000007b5a80000)
  from space 60416K, 0% used [0x00000007b5a80000,0x00000007b5a80000,0x00000007b9580000)
  to   space 56832K, 0% used [0x00000007bc880000,0x00000007bc880000,0x00000007c0000000)
 ParOldGen       total 215040K, used 34233K [0x0000000760000000, 0x000000076d200000, 0x00000007a0000000)
  object space 215040K, 15% used [0x0000000760000000,0x000000076216e618,0x000000076d200000)
 Metaspace       used 57595K, capacity 58922K, committed 59136K, reserved 1101824K
  class space    used 6983K, capacity 7333K, committed 7424K, reserved 1048576K
GC Heap History (10 events):
Event: 6.299 GC heap before
{Heap before GC invocations=11 (full 3):
 PSYoungGen      total 197632K, used 179691K [0x00000007a0000000, 0x00000007b2a00000, 0x00000007c0000000)
  eden space 163328K, 93% used [0x00000007a0000000,0x00000007a954b3e0,0x00000007a9f80000)
  from space 34304K, 78% used [0x00000007a9f80000,0x00000007ab9afaf8,0x00000007ac100000)
  to   space 37888K, 0% used [0x00000007b0500000,0x00000007b0500000,0x00000007b2a00000)
 ParOldGen       total 155648K, used 44662K [0x0000000760000000, 0x0000000769800000, 0x00000007a0000000)
  object space 155648K, 28% used [0x0000000760000000,0x0000000762b9d8c8,0x0000000769800000)
 Metaspace       used 54135K, capacity 55064K, committed 55552K, reserved 1097728K
  class space    used 6673K, capacity 6907K, committed 6912K, reserved 1048576K
Event: 6.332 GC heap after
Heap after GC invocations=11 (full 3):
 PSYoungGen      total 252416K, used 37884K [0x00000007a0000000, 0x00000007b5200000, 0x00000007c0000000)
  eden space 214528K, 0% used [0x00000007a0000000,0x00000007a0000000,0x00000007ad180000)
  from space 37888K, 99% used [0x00000007b0500000,0x00000007b29ff200,0x00000007b2a00000)
  to   space 52736K, 0% used [0x00000007ad180000,0x00000007ad180000,0x00000007b0500000)
 ParOldGen       total 155648K, used 62497K [0x0000000760000000, 0x0000000769800000, 0x00000007a0000000)
  object space 155648K, 40% used [0x0000000760000000,0x0000000763d084b8,0x0000000769800000)
 Metaspace       used 54135K, capacity 55064K, committed 55552K, reserved 1097728K
  class space    used 6673K, capacity 6907K, committed 6912K, reserved 1048576K
}
Event: 6.407 GC heap before
{Heap before GC invocations=12 (full 3):
 PSYoungGen      total 252416K, used 249474K [0x00000007a0000000, 0x00000007b5200000, 0x00000007c0000000)
  eden space 214528K, 98% used [0x00000007a0000000,0x00000007acea1818,0x00000007ad180000)
  from space 37888K, 99% used [0x00000007b0500000,0x00000007b29ff200,0x00000007b2a00000)
  to   space 52736K, 0% used [0x00000007ad180000,0x00000007ad180000,0x00000007b0500000)
 ParOldGen       total 155648K, used 62497K [0x0000000760000000, 0x0000000769800000, 0x00000007a0000000)
  object space 155648K, 40% used [0x0000000760000000,0x0000000763d084b8,0x0000000769800000)
 Metaspace       used 54904K, capacity 55888K, committed 56320K, reserved 1097728K
  class space    used 6781K, capacity 7049K, committed 7168K, reserved 1048576K
Event: 6.453 GC heap after
Heap after GC invocations=12 (full 3):
 PSYoungGen      total 267264K, used 38758K [0x00000007a0000000, 0x00000007bde00000, 0x00000007c0000000)
  eden space 214528K, 0% used [0x00000007a0000000,0x00000007a0000000,0x00000007ad180000)
  from space 52736K, 73% used [0x00000007ad180000,0x00000007af759888,0x00000007b0500000)
  to   space 56320K, 0% used [0x00000007ba700000,0x00000007ba700000,0x00000007bde00000)
 ParOldGen       total 155648K, used 103532K [0x0000000760000000, 0x0000000769800000, 0x00000007a0000000)
  object space 155648K, 66% used [0x0000000760000000,0x000000076651b320,0x0000000769800000)
 Metaspace       used 54904K, capacity 55888K, committed 56320K, reserved 1097728K
  class space    used 6781K, capacity 7049K, committed 7168K, reserved 1048576K
}
Event: 1425.406 GC heap before
{Heap before GC invocations=13 (full 3):
 PSYoungGen      total 267264K, used 253286K [0x00000007a0000000, 0x00000007bde00000, 0x00000007c0000000)
  eden space 214528K, 100% used [0x00000007a0000000,0x00000007ad180000,0x00000007ad180000)
  from space 52736K, 73% used [0x00000007ad180000,0x00000007af759888,0x00000007b0500000)
  to   space 56320K, 0% used [0x00000007ba700000,0x00000007ba700000,0x00000007bde00000)
 ParOldGen       total 155648K, used 103532K [0x0000000760000000, 0x0000000769800000, 0x00000007a0000000)
  object space 155648K, 66% used [0x0000000760000000,0x000000076651b320,0x0000000769800000)
 Metaspace       used 55687K, capacity 56688K, committed 57088K, reserved 1099776K
  class space    used 6840K, capacity 7119K, committed 7168K, reserved 1048576K
Event: 1425.436 GC heap after
Heap after GC invocations=13 (full 3):
 PSYoungGen      total 347648K, used 42401K [0x00000007a0000000, 0x00000007bd080000, 0x00000007c0000000)
  eden space 305152K, 0% used [0x00000007a0000000,0x00000007a0000000,0x00000007b2a00000)
  from space 42496K, 99% used [0x00000007ba700000,0x00000007bd068488,0x00000007bd080000)
  to   space 60416K, 0% used [0x00000007b5a80000,0x00000007b5a80000,0x00000007b9580000)
 ParOldGen       total 155648K, used 103540K [0x0000000760000000, 0x0000000769800000, 0x00000007a0000000)
  object space 155648K, 66% used [0x0000000760000000,0x000000076651d320,0x0000000769800000)
 Metaspace       used 55687K, capacity 56688K, committed 57088K, reserved 1099776K
  class space    used 6840K, capacity 7119K, committed 7168K, reserved 1048576K
}
Event: 1446.155 GC heap before
{Heap before GC invocations=14 (full 3):
 PSYoungGen      total 347648K, used 215692K [0x00000007a0000000, 0x00000007bd080000, 0x00000007c0000000)
  eden space 305152K, 56% used [0x00000007a0000000,0x00000007aa93abc0,0x00000007b2a00000)
  from space 42496K, 99% used [0x00000007ba700000,0x00000007bd068488,0x00000007bd080000)
  to   space 60416K, 0% used [0x00000007b5a80000,0x00000007b5a80000,0x00000007b9580000)
 ParOldGen       total 155648K, used 103540K [0x0000000760000000, 0x0000000769800000, 0x00000007a0000000)
  object space 155648K, 66% used [0x0000000760000000,0x000000076651d320,0x0000000769800000)
 Metaspace       used 57637K, capacity 59004K, committed 59136K, reserved 1101824K
  class space    used 6983K, capacity 7343K, committed 7424K, reserved 1048576K
Event: 1446.182 GC heap after
Heap after GC invocations=14 (full 3):
 PSYoungGen      total 415232K, used 25359K [0x00000007a0000000, 0x00000007c0000000, 0x00000007c0000000)
  eden space 354816K, 0% used [0x00000007a0000000,0x00000007a0000000,0x00000007b5a80000)
  from space 60416K, 41% used [0x00000007b5a80000,0x00000007b7343ee8,0x00000007b9580000)
  to   space 56832K, 0% used [0x00000007bc880000,0x00000007bc880000,0x00000007c0000000)
 ParOldGen       total 155648K, used 124106K [0x0000000760000000, 0x0000000769800000, 0x00000007a0000000)
  object space 155648K, 79% used [0x0000000760000000,0x0000000767932920,0x0000000769800000)
 Metaspace       used 57637K, capacity 59004K, committed 59136K, reserved 1101824K
  class space    used 6983K, capacity 7343K, committed 7424K, reserved 1048576K
}
Event: 1446.182 GC heap before
{Heap before GC invocations=15 (full 4):
 PSYoungGen      total 415232K, used 25359K [0x00000007a0000000, 0x00000007c0000000, 0x00000007c0000000)
  eden space 354816K, 0% used [0x00000007a0000000,0x00000007a0000000,0x00000007b5a80000)
  from space 60416K, 41% used [0x00000007b5a80000,0x00000007b7343ee8,0x00000007b9580000)
  to   space 56832K, 0% used [0x00000007bc880000,0x00000007bc880000,0x00000007c0000000)
 ParOldGen       total 155648K, used 124106K [0x0000000760000000, 0x0000000769800000, 0x00000007a0000000)
  object space 155648K, 79% used [0x0000000760000000,0x0000000767932920,0x0000000769800000)
 Metaspace       used 57637K, capacity 59004K, committed 59136K, reserved 1101824K
  class space    used 6983K, capacity 7343K, committed 7424K, reserved 1048576K
Event: 1446.280 GC heap after
Heap after GC invocations=15 (full 4):
 PSYoungGen      total 415232K, used 0K [0x00000007a0000000, 0x00000007c0000000, 0x00000007c0000000)
  eden space 354816K, 0% used [0x00000007a0000000,0x00000007a0000000,0x00000007b5a80000)
  from space 60416K, 0% used [0x00000007b5a80000,0x00000007b5a80000,0x00000007b9580000)
  to   space 56832K, 0% used [0x00000007bc880000,0x00000007bc880000,0x00000007c0000000)
 ParOldGen       total 215040K, used 34233K [0x0000000760000000, 0x000000076d200000, 0x00000007a0000000)
  object space 215040K, 15% used [0x0000000760000000,0x000000076216e618,0x000000076d200000)
 Metaspace       used 57467K, capacity 58762K, committed 59136K, reserved 1101824K
  class space    used 6971K, capacity 7301K, committed 7424K, reserved 1048576K
}

