# JRE version: OpenJDK Runtime Environment (8.0_152-b08) (build 1.8.0_152-release-915-b08)
# Java VM: OpenJDK 64-Bit Server VM (25.152-b08 mixed mode bsd-amd64 compressed oops)
Heap:
 PSYoungGen      total 157696K, used 118162K [0x00000007a0000000, 0x00000007af200000, 0x00000007c0000000)
  eden space 146944K, 73% used [0x00000007a0000000,0x00000007a68e8b78,0x00000007a8f80000)
  from space 10752K, 99% used [0x00000007ab080000,0x00000007abafbef8,0x00000007abb00000)
  to   space 33792K, 0% used [0x00000007a8f80000,0x00000007a8f80000,0x00000007ab080000)
 ParOldGen       total 169984K, used 43410K [0x0000000760000000, 0x000000076a600000, 0x00000007a0000000)
  object space 169984K, 25% used [0x0000000760000000,0x0000000762a64948,0x000000076a600000)
 Metaspace       used 50155K, capacity 50930K, committed 51328K, reserved 1093632K
  class space    used 6196K, capacity 6419K, committed 6528K, reserved 1048576K
GC Heap History (10 events):
Event: 1.043 GC heap before
{Heap before GC invocations=5 (full 2):
 PSYoungGen      total 76288K, used 4165K [0x00000007a0000000, 0x00000007a9500000, 0x00000007c0000000)
  eden space 65536K, 0% used [0x00000007a0000000,0x00000007a0000000,0x00000007a4000000)
  from space 10752K, 38% used [0x00000007a4000000,0x00000007a44114d0,0x00000007a4a80000)
  to   space 10752K, 0% used [0x00000007a8a80000,0x00000007a8a80000,0x00000007a9500000)
 ParOldGen       total 175104K, used 5888K [0x0000000760000000, 0x000000076ab00000, 0x00000007a0000000)
  object space 175104K, 3% used [0x0000000760000000,0x00000007605c0290,0x000000076ab00000)
 Metaspace       used 20851K, capacity 21060K, committed 21296K, reserved 1069056K
  class space    used 2571K, capacity 2648K, committed 2688K, reserved 1048576K
Event: 1.061 GC heap after
Heap after GC invocations=5 (full 2):
 PSYoungGen      total 76288K, used 0K [0x00000007a0000000, 0x00000007a9500000, 0x00000007c0000000)
  eden space 65536K, 0% used [0x00000007a0000000,0x00000007a0000000,0x00000007a4000000)
  from space 10752K, 0% used [0x00000007a4000000,0x00000007a4000000,0x00000007a4a80000)
  to   space 10752K, 0% used [0x00000007a8a80000,0x00000007a8a80000,0x00000007a9500000)
 ParOldGen       total 96768K, used 5576K [0x0000000760000000, 0x0000000765e80000, 0x00000007a0000000)
  object space 96768K, 5% used [0x0000000760000000,0x0000000760572150,0x0000000765e80000)
 Metaspace       used 20851K, capacity 21060K, committed 21296K, reserved 1069056K
  class space    used 2571K, capacity 2648K, committed 2688K, reserved 1048576K
}
Event: 1.541 GC heap before
{Heap before GC invocations=6 (full 2):
 PSYoungGen      total 76288K, used 65536K [0x00000007a0000000, 0x00000007a9500000, 0x00000007c0000000)
  eden space 65536K, 100% used [0x00000007a0000000,0x00000007a4000000,0x00000007a4000000)
  from space 10752K, 0% used [0x00000007a4000000,0x00000007a4000000,0x00000007a4a80000)
  to   space 10752K, 0% used [0x00000007a8a80000,0x00000007a8a80000,0x00000007a9500000)
 ParOldGen       total 96768K, used 5576K [0x0000000760000000, 0x0000000765e80000, 0x00000007a0000000)
  object space 96768K, 5% used [0x0000000760000000,0x0000000760572150,0x0000000765e80000)
 Metaspace       used 27954K, capacity 28352K, committed 28672K, reserved 1075200K
  class space    used 3605K, capacity 3742K, committed 3840K, reserved 1048576K
Event: 1.552 GC heap after
Heap after GC invocations=6 (full 2):
 PSYoungGen      total 117248K, used 10733K [0x00000007a0000000, 0x00000007a9500000, 0x00000007c0000000)
  eden space 106496K, 0% used [0x00000007a0000000,0x00000007a0000000,0x00000007a6800000)
  from space 10752K, 99% used [0x00000007a8a80000,0x00000007a94fb770,0x00000007a9500000)
  to   space 10752K, 0% used [0x00000007a8000000,0x00000007a8000000,0x00000007a8a80000)
 ParOldGen       total 96768K, used 9869K [0x0000000760000000, 0x0000000765e80000, 0x00000007a0000000)
  object space 96768K, 10% used [0x0000000760000000,0x00000007609a3580,0x0000000765e80000)
 Metaspace       used 27954K, capacity 28352K, committed 28672K, reserved 1075200K
  class space    used 3605K, capacity 3742K, committed 3840K, reserved 1048576K
}
Event: 1.988 GC heap before
{Heap before GC invocations=7 (full 2):
 PSYoungGen      total 117248K, used 52121K [0x00000007a0000000, 0x00000007a9500000, 0x00000007c0000000)
  eden space 106496K, 38% used [0x00000007a0000000,0x00000007a286acf0,0x00000007a6800000)
  from space 10752K, 99% used [0x00000007a8a80000,0x00000007a94fb770,0x00000007a9500000)
  to   space 10752K, 0% used [0x00000007a8000000,0x00000007a8000000,0x00000007a8a80000)
 ParOldGen       total 96768K, used 9869K [0x0000000760000000, 0x0000000765e80000, 0x00000007a0000000)
  object space 96768K, 10% used [0x0000000760000000,0x00000007609a3580,0x0000000765e80000)
 Metaspace       used 34759K, capacity 35196K, committed 35496K, reserved 1081344K
  class space    used 4462K, capacity 4578K, committed 4608K, reserved 1048576K
Event: 1.998 GC heap after
Heap after GC invocations=7 (full 2):
 PSYoungGen      total 141824K, used 10742K [0x00000007a0000000, 0x00000007abb00000, 0x00000007c0000000)
  eden space 131072K, 0% used [0x00000007a0000000,0x00000007a0000000,0x00000007a8000000)
  from space 10752K, 99% used [0x00000007a8000000,0x00000007a8a7d988,0x00000007a8a80000)
  to   space 10752K, 0% used [0x00000007ab080000,0x00000007ab080000,0x00000007abb00000)
 ParOldGen       total 96768K, used 17173K [0x0000000760000000, 0x0000000765e80000, 0x00000007a0000000)
  object space 96768K, 17% used [0x0000000760000000,0x00000007610c57f8,0x0000000765e80000)
 Metaspace       used 34759K, capacity 35196K, committed 35496K, reserved 1081344K
  class space    used 4462K, capacity 4578K, committed 4608K, reserved 1048576K
}
Event: 1.998 GC heap before
{Heap before GC invocations=8 (full 3):
 PSYoungGen      total 141824K, used 10742K [0x00000007a0000000, 0x00000007abb00000, 0x00000007c0000000)
  eden space 131072K, 0% used [0x00000007a0000000,0x00000007a0000000,0x00000007a8000000)
  from space 10752K, 99% used [0x00000007a8000000,0x00000007a8a7d988,0x00000007a8a80000)
  to   space 10752K, 0% used [0x00000007ab080000,0x00000007ab080000,0x00000007abb00000)
 ParOldGen       total 96768K, used 17173K [0x0000000760000000, 0x0000000765e80000, 0x00000007a0000000)
  object space 96768K, 17% used [0x0000000760000000,0x00000007610c57f8,0x0000000765e80000)
 Metaspace       used 34759K, capacity 35196K, committed 35496K, reserved 1081344K
  class space    used 4462K, capacity 4578K, committed 4608K, reserved 1048576K
Event: 2.077 GC heap after
Heap after GC invocations=8 (full 3):
 PSYoungGen      total 141824K, used 0K [0x00000007a0000000, 0x00000007abb00000, 0x00000007c0000000)
  eden space 131072K, 0% used [0x00000007a0000000,0x00000007a0000000,0x00000007a8000000)
  from space 10752K, 0% used [0x00000007a8000000,0x00000007a8000000,0x00000007a8a80000)
  to   space 10752K, 0% used [0x00000007ab080000,0x00000007ab080000,0x00000007abb00000)
 ParOldGen       total 169984K, used 22523K [0x0000000760000000, 0x000000076a600000, 0x00000007a0000000)
  object space 169984K, 13% used [0x0000000760000000,0x00000007615fed48,0x000000076a600000)
 Metaspace       used 34759K, capacity 35196K, committed 35496K, reserved 1081344K
  class space    used 4462K, capacity 4578K, committed 4608K, reserved 1048576K
}
Event: 3.352 GC heap before
{Heap before GC invocations=9 (full 3):
 PSYoungGen      total 141824K, used 131072K [0x00000007a0000000, 0x00000007abb00000, 0x00000007c0000000)
  eden space 131072K, 100% used [0x00000007a0000000,0x00000007a8000000,0x00000007a8000000)
  from space 10752K, 0% used [0x00000007a8000000,0x00000007a8000000,0x00000007a8a80000)
  to   space 10752K, 0% used [0x00000007ab080000,0x00000007ab080000,0x00000007abb00000)
 ParOldGen       total 169984K, used 22523K [0x0000000760000000, 0x000000076a600000, 0x00000007a0000000)
  object space 169984K, 13% used [0x0000000760000000,0x00000007615fed48,0x000000076a600000)
 Metaspace       used 48229K, capacity 48908K, committed 49280K, reserved 1091584K
  class space    used 6061K, capacity 6239K, committed 6272K, reserved 1048576K
Event: 3.372 GC heap after
Heap after GC invocations=9 (full 3):
 PSYoungGen      total 157696K, used 10735K [0x00000007a0000000, 0x00000007af200000, 0x00000007c0000000)
  eden space 146944K, 0% used [0x00000007a0000000,0x00000007a0000000,0x00000007a8f80000)
  from space 10752K, 99% used [0x00000007ab080000,0x00000007abafbef8,0x00000007abb00000)
  to   space 33792K, 0% used [0x00000007a8f80000,0x00000007a8f80000,0x00000007ab080000)
 ParOldGen       total 169984K, used 43410K [0x0000000760000000, 0x000000076a600000, 0x00000007a0000000)
  object space 169984K, 25% used [0x0000000760000000,0x0000000762a64948,0x000000076a600000)
 Metaspace       used 48229K, capacity 48908K, committed 49280K, reserved 1091584K
  class space    used 6061K, capacity 6239K, committed 6272K, reserved 1048576K
}

