# JRE version: OpenJDK Runtime Environment (8.0_152-b08) (build 1.8.0_152-release-915-b08)
# Java VM: OpenJDK 64-Bit Server VM (25.152-b08 mixed mode bsd-amd64 compressed oops)
Heap:
 PSYoungGen      total 468480K, used 272677K [0x00000007a0000000, 0x00000007c0000000, 0x00000007c0000000)
  eden space 412672K, 52% used [0x00000007a0000000,0x00000007ad3cf8e0,0x00000007b9300000)
  from space 55808K, 99% used [0x00000007b9300000,0x00000007bc979d28,0x00000007bc980000)
  to   space 55808K, 0% used [0x00000007bc980000,0x00000007bc980000,0x00000007c0000000)
 ParOldGen       total 158208K, used 51365K [0x0000000760000000, 0x0000000769a80000, 0x00000007a0000000)
  object space 158208K, 32% used [0x0000000760000000,0x0000000763229458,0x0000000769a80000)
 Metaspace       used 69151K, capacity 71384K, committed 71680K, reserved 1112064K
  class space    used 8035K, capacity 8631K, committed 8704K, reserved 1048576K
GC Heap History (10 events):
Event: 3602.851 GC heap before
{Heap before GC invocations=17 (full 4):
 PSYoungGen      total 477184K, used 16306K [0x00000007a0000000, 0x00000007bff80000, 0x00000007c0000000)
  eden space 430592K, 0% used [0x00000007a0000000,0x00000007a0000000,0x00000007ba480000)
  from space 46592K, 34% used [0x00000007ba480000,0x00000007bb46c910,0x00000007bd200000)
  to   space 45056K, 0% used [0x00000007bd380000,0x00000007bd380000,0x00000007bff80000)
 ParOldGen       total 158208K, used 67985K [0x0000000760000000, 0x0000000769a80000, 0x00000007a0000000)
  object space 158208K, 42% used [0x0000000760000000,0x0000000764264748,0x0000000769a80000)
 Metaspace       used 54020K, capacity 55370K, committed 55424K, reserved 1097728K
  class space    used 6448K, capacity 6753K, committed 6784K, reserved 1048576K
Event: 3602.972 GC heap after
Heap after GC invocations=17 (full 4):
 PSYoungGen      total 477184K, used 0K [0x00000007a0000000, 0x00000007bff80000, 0x00000007c0000000)
  eden space 430592K, 0% used [0x00000007a0000000,0x00000007a0000000,0x00000007ba480000)
  from space 46592K, 0% used [0x00000007ba480000,0x00000007ba480000,0x00000007bd200000)
  to   space 45056K, 0% used [0x00000007bd380000,0x00000007bd380000,0x00000007bff80000)
 ParOldGen       total 158208K, used 26879K [0x0000000760000000, 0x0000000769a80000, 0x00000007a0000000)
  object space 158208K, 16% used [0x0000000760000000,0x0000000761a3fc68,0x0000000769a80000)
 Metaspace       used 53697K, capacity 54994K, committed 55424K, reserved 1097728K
  class space    used 6399K, capacity 6697K, committed 6784K, reserved 1048576K
}
Event: 4517.636 GC heap before
{Heap before GC invocations=18 (full 4):
 PSYoungGen      total 477184K, used 430592K [0x00000007a0000000, 0x00000007bff80000, 0x00000007c0000000)
  eden space 430592K, 100% used [0x00000007a0000000,0x00000007ba480000,0x00000007ba480000)
  from space 46592K, 0% used [0x00000007ba480000,0x00000007ba480000,0x00000007bd200000)
  to   space 45056K, 0% used [0x00000007bd380000,0x00000007bd380000,0x00000007bff80000)
 ParOldGen       total 158208K, used 26879K [0x0000000760000000, 0x0000000769a80000, 0x00000007a0000000)
  object space 158208K, 16% used [0x0000000760000000,0x0000000761a3fc68,0x0000000769a80000)
 Metaspace       used 60184K, capacity 61684K, committed 61824K, reserved 1103872K
  class space    used 7115K, capacity 7464K, committed 7552K, reserved 1048576K
Event: 4517.665 GC heap after
Heap after GC invocations=18 (full 4):
 PSYoungGen      total 470016K, used 39538K [0x00000007a0000000, 0x00000007c0000000, 0x00000007c0000000)
  eden space 424960K, 0% used [0x00000007a0000000,0x00000007a0000000,0x00000007b9f00000)
  from space 45056K, 87% used [0x00000007bd380000,0x00000007bfa1c898,0x00000007bff80000)
  to   space 49664K, 0% used [0x00000007b9f00000,0x00000007b9f00000,0x00000007bcf80000)
 ParOldGen       total 158208K, used 26887K [0x0000000760000000, 0x0000000769a80000, 0x00000007a0000000)
  object space 158208K, 16% used [0x0000000760000000,0x0000000761a41c68,0x0000000769a80000)
 Metaspace       used 60184K, capacity 61684K, committed 61824K, reserved 1103872K
  class space    used 7115K, capacity 7464K, committed 7552K, reserved 1048576K
}
Event: 5005.387 GC heap before
{Heap before GC invocations=19 (full 4):
 PSYoungGen      total 470016K, used 464498K [0x00000007a0000000, 0x00000007c0000000, 0x00000007c0000000)
  eden space 424960K, 100% used [0x00000007a0000000,0x00000007b9f00000,0x00000007b9f00000)
  from space 45056K, 87% used [0x00000007bd380000,0x00000007bfa1c898,0x00000007bff80000)
  to   space 49664K, 0% used [0x00000007b9f00000,0x00000007b9f00000,0x00000007bcf80000)
 ParOldGen       total 158208K, used 26887K [0x0000000760000000, 0x0000000769a80000, 0x00000007a0000000)
  object space 158208K, 16% used [0x0000000760000000,0x0000000761a41c68,0x0000000769a80000)
 Metaspace       used 63972K, capacity 65668K, committed 65920K, reserved 1107968K
  class space    used 7595K, capacity 7990K, committed 8064K, reserved 1048576K
Event: 5005.401 GC heap after
Heap after GC invocations=19 (full 4):
 PSYoungGen      total 474624K, used 7848K [0x00000007a0000000, 0x00000007c0000000, 0x00000007c0000000)
  eden space 424960K, 0% used [0x00000007a0000000,0x00000007a0000000,0x00000007b9f00000)
  from space 49664K, 15% used [0x00000007b9f00000,0x00000007ba6aa3b0,0x00000007bcf80000)
  to   space 49664K, 0% used [0x00000007bcf80000,0x00000007bcf80000,0x00000007c0000000)
 ParOldGen       total 158208K, used 45214K [0x0000000760000000, 0x0000000769a80000, 0x00000007a0000000)
  object space 158208K, 28% used [0x0000000760000000,0x0000000762c27860,0x0000000769a80000)
 Metaspace       used 63972K, capacity 65668K, committed 65920K, reserved 1107968K
  class space    used 7595K, capacity 7990K, committed 8064K, reserved 1048576K
}
Event: 5283.588 GC heap before
{Heap before GC invocations=20 (full 4):
 PSYoungGen      total 474624K, used 431762K [0x00000007a0000000, 0x00000007c0000000, 0x00000007c0000000)
  eden space 424960K, 99% used [0x00000007a0000000,0x00000007b9dfa5c8,0x00000007b9f00000)
  from space 49664K, 15% used [0x00000007b9f00000,0x00000007ba6aa3b0,0x00000007bcf80000)
  to   space 49664K, 0% used [0x00000007bcf80000,0x00000007bcf80000,0x00000007c0000000)
 ParOldGen       total 158208K, used 45214K [0x0000000760000000, 0x0000000769a80000, 0x00000007a0000000)
  object space 158208K, 28% used [0x0000000760000000,0x0000000762c27860,0x0000000769a80000)
 Metaspace       used 66596K, capacity 68460K, committed 68736K, reserved 1110016K
  class space    used 7784K, capacity 8256K, committed 8320K, reserved 1048576K
Event: 5283.617 GC heap after
Heap after GC invocations=20 (full 4):
 PSYoungGen      total 462336K, used 45724K [0x00000007a0000000, 0x00000007c0000000, 0x00000007c0000000)
  eden space 412672K, 0% used [0x00000007a0000000,0x00000007a0000000,0x00000007b9300000)
  from space 49664K, 92% used [0x00000007bcf80000,0x00000007bfc27240,0x00000007c0000000)
  to   space 55808K, 0% used [0x00000007b9300000,0x00000007b9300000,0x00000007bc980000)
 ParOldGen       total 158208K, used 46196K [0x0000000760000000, 0x0000000769a80000, 0x00000007a0000000)
  object space 158208K, 29% used [0x0000000760000000,0x0000000762d1d300,0x0000000769a80000)
 Metaspace       used 66596K, capacity 68460K, committed 68736K, reserved 1110016K
  class space    used 7784K, capacity 8256K, committed 8320K, reserved 1048576K
}
Event: 5396.960 GC heap before
{Heap before GC invocations=21 (full 4):
 PSYoungGen      total 462336K, used 458396K [0x00000007a0000000, 0x00000007c0000000, 0x00000007c0000000)
  eden space 412672K, 100% used [0x00000007a0000000,0x00000007b9300000,0x00000007b9300000)
  from space 49664K, 92% used [0x00000007bcf80000,0x00000007bfc27240,0x00000007c0000000)
  to   space 55808K, 0% used [0x00000007b9300000,0x00000007b9300000,0x00000007bc980000)
 ParOldGen       total 158208K, used 46196K [0x0000000760000000, 0x0000000769a80000, 0x00000007a0000000)
  object space 158208K, 29% used [0x0000000760000000,0x0000000762d1d300,0x0000000769a80000)
 Metaspace       used 68376K, capacity 70518K, committed 70784K, reserved 1112064K
  class space    used 7954K, capacity 8516K, committed 8576K, reserved 1048576K
Event: 5396.983 GC heap after
Heap after GC invocations=21 (full 4):
 PSYoungGen      total 468480K, used 55783K [0x00000007a0000000, 0x00000007c0000000, 0x00000007c0000000)
  eden space 412672K, 0% used [0x00000007a0000000,0x00000007a0000000,0x00000007b9300000)
  from space 55808K, 99% used [0x00000007b9300000,0x00000007bc979d28,0x00000007bc980000)
  to   space 55808K, 0% used [0x00000007bc980000,0x00000007bc980000,0x00000007c0000000)
 ParOldGen       total 158208K, used 51365K [0x0000000760000000, 0x0000000769a80000, 0x00000007a0000000)
  object space 158208K, 32% used [0x0000000760000000,0x0000000763229458,0x0000000769a80000)
 Metaspace       used 68376K, capacity 70518K, committed 70784K, reserved 1112064K
  class space    used 7954K, capacity 8516K, committed 8576K, reserved 1048576K
}

