# JRE version: OpenJDK Runtime Environment (8.0_152-b08) (build 1.8.0_152-release-915-b08)
# Java VM: OpenJDK 64-Bit Server VM (25.152-b08 mixed mode bsd-amd64 compressed oops)
Heap:
 PSYoungGen      total 323584K, used 282392K [0x00000007a0000000, 0x00000007bae00000, 0x00000007c0000000)
  eden space 290304K, 85% used [0x00000007a0000000,0x00000007af3bb3c8,0x00000007b1b80000)
  from space 33280K, 98% used [0x00000007b8d80000,0x00000007bad8adc0,0x00000007bae00000)
  to   space 53760K, 0% used [0x00000007b4500000,0x00000007b4500000,0x00000007b7980000)
 ParOldGen       total 156672K, used 55918K [0x0000000760000000, 0x0000000769900000, 0x00000007a0000000)
  object space 156672K, 35% used [0x0000000760000000,0x000000076369b800,0x0000000769900000)
 Metaspace       used 56975K, capacity 58396K, committed 58496K, reserved 1099776K
  class space    used 6912K, capacity 7271K, committed 7296K, reserved 1048576K
GC Heap History (10 events):
Event: 4.409 GC heap before
{Heap before GC invocations=9 (full 3):
 PSYoungGen      total 141824K, used 131072K [0x00000007a0000000, 0x00000007acb80000, 0x00000007c0000000)
  eden space 131072K, 100% used [0x00000007a0000000,0x00000007a8000000,0x00000007a8000000)
  from space 10752K, 0% used [0x00000007a8000000,0x00000007a8000000,0x00000007a8a80000)
  to   space 10752K, 0% used [0x00000007ac100000,0x00000007ac100000,0x00000007acb80000)
 ParOldGen       total 156672K, used 22853K [0x0000000760000000, 0x0000000769900000, 0x00000007a0000000)
  object space 156672K, 14% used [0x0000000760000000,0x0000000761651740,0x0000000769900000)
 Metaspace       used 43716K, capacity 44280K, committed 44928K, reserved 1089536K
  class space    used 5511K, capacity 5680K, committed 5760K, reserved 1048576K
Event: 4.429 GC heap after
Heap after GC invocations=9 (full 3):
 PSYoungGen      total 174080K, used 10744K [0x00000007a0000000, 0x00000007afa80000, 0x00000007c0000000)
  eden space 163328K, 0% used [0x00000007a0000000,0x00000007a0000000,0x00000007a9f80000)
  from space 10752K, 99% used [0x00000007ac100000,0x00000007acb7e248,0x00000007acb80000)
  to   space 34304K, 0% used [0x00000007a9f80000,0x00000007a9f80000,0x00000007ac100000)
 ParOldGen       total 156672K, used 44944K [0x0000000760000000, 0x0000000769900000, 0x00000007a0000000)
  object space 156672K, 28% used [0x0000000760000000,0x0000000762be4320,0x0000000769900000)
 Metaspace       used 43716K, capacity 44280K, committed 44928K, reserved 1089536K
  class space    used 5511K, capacity 5680K, committed 5760K, reserved 1048576K
}
Event: 6.140 GC heap before
{Heap before GC invocations=10 (full 3):
 PSYoungGen      total 174080K, used 174072K [0x00000007a0000000, 0x00000007afa80000, 0x00000007c0000000)
  eden space 163328K, 100% used [0x00000007a0000000,0x00000007a9f80000,0x00000007a9f80000)
  from space 10752K, 99% used [0x00000007ac100000,0x00000007acb7e248,0x00000007acb80000)
  to   space 34304K, 0% used [0x00000007a9f80000,0x00000007a9f80000,0x00000007ac100000)
 ParOldGen       total 156672K, used 44944K [0x0000000760000000, 0x0000000769900000, 0x00000007a0000000)
  object space 156672K, 28% used [0x0000000760000000,0x0000000762be4320,0x0000000769900000)
 Metaspace       used 50781K, capacity 51496K, committed 51968K, reserved 1095680K
  class space    used 6216K, capacity 6388K, committed 6400K, reserved 1048576K
Event: 6.160 GC heap after
Heap after GC invocations=10 (full 3):
 PSYoungGen      total 197632K, used 31236K [0x00000007a0000000, 0x00000007b2c00000, 0x00000007c0000000)
  eden space 163328K, 0% used [0x00000007a0000000,0x00000007a0000000,0x00000007a9f80000)
  from space 34304K, 91% used [0x00000007a9f80000,0x00000007abe013e8,0x00000007ac100000)
  to   space 39936K, 0% used [0x00000007b0500000,0x00000007b0500000,0x00000007b2c00000)
 ParOldGen       total 156672K, used 44952K [0x0000000760000000, 0x0000000769900000, 0x00000007a0000000)
  object space 156672K, 28% used [0x0000000760000000,0x0000000762be6320,0x0000000769900000)
 Metaspace       used 50781K, capacity 51496K, committed 51968K, reserved 1095680K
  class space    used 6216K, capacity 6388K, committed 6400K, reserved 1048576K
}
Event: 7.144 GC heap before
{Heap before GC invocations=11 (full 3):
 PSYoungGen      total 197632K, used 182427K [0x00000007a0000000, 0x00000007b2c00000, 0x00000007c0000000)
  eden space 163328K, 92% used [0x00000007a0000000,0x00000007a93a5b88,0x00000007a9f80000)
  from space 34304K, 91% used [0x00000007a9f80000,0x00000007abe013e8,0x00000007ac100000)
  to   space 39936K, 0% used [0x00000007b0500000,0x00000007b0500000,0x00000007b2c00000)
 ParOldGen       total 156672K, used 44952K [0x0000000760000000, 0x0000000769900000, 0x00000007a0000000)
  object space 156672K, 28% used [0x0000000760000000,0x0000000762be6320,0x0000000769900000)
 Metaspace       used 53658K, capacity 54582K, committed 55040K, reserved 1097728K
  class space    used 6590K, capacity 6834K, committed 6912K, reserved 1048576K
Event: 7.173 GC heap after
Heap after GC invocations=11 (full 3):
 PSYoungGen      total 254976K, used 39914K [0x00000007a0000000, 0x00000007b4400000, 0x00000007c0000000)
  eden space 215040K, 0% used [0x00000007a0000000,0x00000007a0000000,0x00000007ad200000)
  from space 39936K, 99% used [0x00000007b0500000,0x00000007b2bfab08,0x00000007b2c00000)
  to   space 52224K, 0% used [0x00000007ad200000,0x00000007ad200000,0x00000007b0500000)
 ParOldGen       total 156672K, used 55828K [0x0000000760000000, 0x0000000769900000, 0x00000007a0000000)
  object space 156672K, 35% used [0x0000000760000000,0x0000000763685340,0x0000000769900000)
 Metaspace       used 53658K, capacity 54582K, committed 55040K, reserved 1097728K
  class space    used 6590K, capacity 6834K, committed 6912K, reserved 1048576K
}
Event: 7.269 GC heap before
{Heap before GC invocations=12 (full 3):
 PSYoungGen      total 254976K, used 254881K [0x00000007a0000000, 0x00000007b4400000, 0x00000007c0000000)
  eden space 215040K, 99% used [0x00000007a0000000,0x00000007ad1edb70,0x00000007ad200000)
  from space 39936K, 99% used [0x00000007b0500000,0x00000007b2bfab08,0x00000007b2c00000)
  to   space 52224K, 0% used [0x00000007ad200000,0x00000007ad200000,0x00000007b0500000)
 ParOldGen       total 156672K, used 55828K [0x0000000760000000, 0x0000000769900000, 0x00000007a0000000)
  object space 156672K, 35% used [0x0000000760000000,0x0000000763685340,0x0000000769900000)
 Metaspace       used 54438K, capacity 55388K, committed 55936K, reserved 1097728K
  class space    used 6700K, capacity 6947K, committed 7040K, reserved 1048576K
Event: 7.299 GC heap after
Heap after GC invocations=12 (full 3):
 PSYoungGen      total 267264K, used 30341K [0x00000007a0000000, 0x00000007bc100000, 0x00000007c0000000)
  eden space 215040K, 0% used [0x00000007a0000000,0x00000007a0000000,0x00000007ad200000)
  from space 52224K, 58% used [0x00000007ad200000,0x00000007aefa1508,0x00000007b0500000)
  to   space 52736K, 0% used [0x00000007b8d80000,0x00000007b8d80000,0x00000007bc100000)
 ParOldGen       total 156672K, used 55910K [0x0000000760000000, 0x0000000769900000, 0x00000007a0000000)
  object space 156672K, 35% used [0x0000000760000000,0x0000000763699800,0x0000000769900000)
 Metaspace       used 54438K, capacity 55388K, committed 55936K, reserved 1097728K
  class space    used 6700K, capacity 6947K, committed 7040K, reserved 1048576K
}
Event: 22.872 GC heap before
{Heap before GC invocations=13 (full 3):
 PSYoungGen      total 267264K, used 245381K [0x00000007a0000000, 0x00000007bc100000, 0x00000007c0000000)
  eden space 215040K, 100% used [0x00000007a0000000,0x00000007ad200000,0x00000007ad200000)
  from space 52224K, 58% used [0x00000007ad200000,0x00000007aefa1508,0x00000007b0500000)
  to   space 52736K, 0% used [0x00000007b8d80000,0x00000007b8d80000,0x00000007bc100000)
 ParOldGen       total 156672K, used 55910K [0x0000000760000000, 0x0000000769900000, 0x00000007a0000000)
  object space 156672K, 35% used [0x0000000760000000,0x0000000763699800,0x0000000769900000)
 Metaspace       used 55065K, capacity 56016K, committed 56576K, reserved 1099776K
  class space    used 6766K, capacity 7047K, committed 7168K, reserved 1048576K
Event: 22.892 GC heap after
Heap after GC invocations=13 (full 3):
 PSYoungGen      total 323584K, used 32811K [0x00000007a0000000, 0x00000007bae00000, 0x00000007c0000000)
  eden space 290304K, 0% used [0x00000007a0000000,0x00000007a0000000,0x00000007b1b80000)
  from space 33280K, 98% used [0x00000007b8d80000,0x00000007bad8adc0,0x00000007bae00000)
  to   space 53760K, 0% used [0x00000007b4500000,0x00000007b4500000,0x00000007b7980000)
 ParOldGen       total 156672K, used 55918K [0x0000000760000000, 0x0000000769900000, 0x00000007a0000000)
  object space 156672K, 35% used [0x0000000760000000,0x000000076369b800,0x0000000769900000)
 Metaspace       used 55065K, capacity 56016K, committed 56576K, reserved 1099776K
  class space    used 6766K, capacity 7047K, committed 7168K, reserved 1048576K
}

