# JRE version: OpenJDK Runtime Environment (8.0_152-b08) (build 1.8.0_152-release-915-b08)
# Java VM: OpenJDK 64-Bit Server VM (25.152-b08 mixed mode bsd-amd64 compressed oops)
Heap:
 PSYoungGen      total 371712K, used 52196K [0x00000007a0000000, 0x00000007c0000000, 0x00000007c0000000)
  eden space 309760K, 8% used [0x00000007a0000000,0x00000007a1b25af8,0x00000007b2e80000)
  from space 61952K, 39% used [0x00000007b2e80000,0x00000007b4653660,0x00000007b6b00000)
  to   space 58880K, 0% used [0x00000007bc680000,0x00000007bc680000,0x00000007c0000000)
 ParOldGen       total 164352K, used 91620K [0x0000000760000000, 0x000000076a080000, 0x00000007a0000000)
  object space 164352K, 55% used [0x0000000760000000,0x00000007659791a8,0x000000076a080000)
 Metaspace       used 56095K, capacity 57386K, committed 57600K, reserved 1099776K
  class space    used 6828K, capacity 7162K, committed 7168K, reserved 1048576K
GC Heap History (10 events):
Event: 4.889 GC heap before
{Heap before GC invocations=10 (full 3):
 PSYoungGen      total 158208K, used 148808K [0x00000007a0000000, 0x00000007afa80000, 0x00000007c0000000)
  eden space 147456K, 93% used [0x00000007a0000000,0x00000007a86d6350,0x00000007a9000000)
  from space 10752K, 99% used [0x00000007ab200000,0x00000007abc7bdc8,0x00000007abc80000)
  to   space 34816K, 0% used [0x00000007a9000000,0x00000007a9000000,0x00000007ab200000)
 ParOldGen       total 164352K, used 45081K [0x0000000760000000, 0x000000076a080000, 0x00000007a0000000)
  object space 164352K, 27% used [0x0000000760000000,0x0000000762c06638,0x000000076a080000)
 Metaspace       used 51836K, capacity 52608K, committed 52992K, reserved 1095680K
  class space    used 6452K, capacity 6647K, committed 6656K, reserved 1048576K
Event: 4.918 GC heap after
Heap after GC invocations=10 (full 3):
 PSYoungGen      total 182272K, used 34784K [0x00000007a0000000, 0x00000007b2900000, 0x00000007c0000000)
  eden space 147456K, 0% used [0x00000007a0000000,0x00000007a0000000,0x00000007a9000000)
  from space 34816K, 99% used [0x00000007a9000000,0x00000007ab1f80f8,0x00000007ab200000)
  to   space 47616K, 0% used [0x00000007afa80000,0x00000007afa80000,0x00000007b2900000)
 ParOldGen       total 164352K, used 56659K [0x0000000760000000, 0x000000076a080000, 0x00000007a0000000)
  object space 164352K, 34% used [0x0000000760000000,0x0000000763754c18,0x000000076a080000)
 Metaspace       used 51836K, capacity 52608K, committed 52992K, reserved 1095680K
  class space    used 6452K, capacity 6647K, committed 6656K, reserved 1048576K
}
Event: 4.932 GC heap before
{Heap before GC invocations=11 (full 3):
 PSYoungGen      total 182272K, used 157195K [0x00000007a0000000, 0x00000007b2900000, 0x00000007c0000000)
  eden space 147456K, 83% used [0x00000007a0000000,0x00000007a778ab70,0x00000007a9000000)
  from space 34816K, 99% used [0x00000007a9000000,0x00000007ab1f80f8,0x00000007ab200000)
  to   space 47616K, 0% used [0x00000007afa80000,0x00000007afa80000,0x00000007b2900000)
 ParOldGen       total 164352K, used 56659K [0x0000000760000000, 0x000000076a080000, 0x00000007a0000000)
  object space 164352K, 34% used [0x0000000760000000,0x0000000763754c18,0x000000076a080000)
 Metaspace       used 51856K, capacity 52692K, committed 53248K, reserved 1095680K
  class space    used 6457K, capacity 6651K, committed 6656K, reserved 1048576K
Event: 4.958 GC heap after
Heap after GC invocations=11 (full 3):
 PSYoungGen      total 248320K, used 45311K [0x00000007a0000000, 0x00000007b7300000, 0x00000007c0000000)
  eden space 200704K, 0% used [0x00000007a0000000,0x00000007a0000000,0x00000007ac400000)
  from space 47616K, 95% used [0x00000007afa80000,0x00000007b26bfe40,0x00000007b2900000)
  to   space 55808K, 0% used [0x00000007ac400000,0x00000007ac400000,0x00000007afa80000)
 ParOldGen       total 164352K, used 56667K [0x0000000760000000, 0x000000076a080000, 0x00000007a0000000)
  object space 164352K, 34% used [0x0000000760000000,0x0000000763756c18,0x000000076a080000)
 Metaspace       used 51856K, capacity 52692K, committed 53248K, reserved 1095680K
  class space    used 6457K, capacity 6651K, committed 6656K, reserved 1048576K
}
Event: 5.041 GC heap before
{Heap before GC invocations=12 (full 3):
 PSYoungGen      total 248320K, used 217633K [0x00000007a0000000, 0x00000007b7300000, 0x00000007c0000000)
  eden space 200704K, 85% used [0x00000007a0000000,0x00000007aa848720,0x00000007ac400000)
  from space 47616K, 95% used [0x00000007afa80000,0x00000007b26bfe40,0x00000007b2900000)
  to   space 55808K, 0% used [0x00000007ac400000,0x00000007ac400000,0x00000007afa80000)
 ParOldGen       total 164352K, used 56667K [0x0000000760000000, 0x000000076a080000, 0x00000007a0000000)
  object space 164352K, 34% used [0x0000000760000000,0x0000000763756c18,0x000000076a080000)
 Metaspace       used 52844K, capacity 53746K, committed 54272K, reserved 1097728K
  class space    used 6599K, capacity 6826K, committed 6912K, reserved 1048576K
Event: 5.070 GC heap after
Heap after GC invocations=12 (full 3):
 PSYoungGen      total 256512K, used 46263K [0x00000007a0000000, 0x00000007be080000, 0x00000007c0000000)
  eden space 200704K, 0% used [0x00000007a0000000,0x00000007a0000000,0x00000007ac400000)
  from space 55808K, 82% used [0x00000007ac400000,0x00000007af12dd88,0x00000007afa80000)
  to   space 61952K, 0% used [0x00000007ba400000,0x00000007ba400000,0x00000007be080000)
 ParOldGen       total 164352K, used 56675K [0x0000000760000000, 0x000000076a080000, 0x00000007a0000000)
  object space 164352K, 34% used [0x0000000760000000,0x0000000763758c18,0x000000076a080000)
 Metaspace       used 52844K, capacity 53746K, committed 54272K, reserved 1097728K
  class space    used 6599K, capacity 6826K, committed 6912K, reserved 1048576K
}
Event: 26.933 GC heap before
{Heap before GC invocations=13 (full 3):
 PSYoungGen      total 256512K, used 246967K [0x00000007a0000000, 0x00000007be080000, 0x00000007c0000000)
  eden space 200704K, 100% used [0x00000007a0000000,0x00000007ac400000,0x00000007ac400000)
  from space 55808K, 82% used [0x00000007ac400000,0x00000007af12dd88,0x00000007afa80000)
  to   space 61952K, 0% used [0x00000007ba400000,0x00000007ba400000,0x00000007be080000)
 ParOldGen       total 164352K, used 56675K [0x0000000760000000, 0x000000076a080000, 0x00000007a0000000)
  object space 164352K, 34% used [0x0000000760000000,0x0000000763758c18,0x000000076a080000)
 Metaspace       used 53741K, capacity 54636K, committed 55040K, reserved 1097728K
  class space    used 6652K, capacity 6903K, committed 6912K, reserved 1048576K
Event: 26.955 GC heap after
Heap after GC invocations=13 (full 3):
 PSYoungGen      total 299520K, used 3453K [0x00000007a0000000, 0x00000007ba780000, 0x00000007c0000000)
  eden space 295936K, 0% used [0x00000007a0000000,0x00000007a0000000,0x00000007b2100000)
  from space 3584K, 96% used [0x00000007ba400000,0x00000007ba75f478,0x00000007ba780000)
  to   space 61952K, 0% used [0x00000007b2e80000,0x00000007b2e80000,0x00000007b6b00000)
 ParOldGen       total 164352K, used 91436K [0x0000000760000000, 0x000000076a080000, 0x00000007a0000000)
  object space 164352K, 55% used [0x0000000760000000,0x000000076594b1a8,0x000000076a080000)
 Metaspace       used 53741K, capacity 54636K, committed 55040K, reserved 1097728K
  class space    used 6652K, capacity 6903K, committed 6912K, reserved 1048576K
}
Event: 76.011 GC heap before
{Heap before GC invocations=14 (full 3):
 PSYoungGen      total 299520K, used 299389K [0x00000007a0000000, 0x00000007ba780000, 0x00000007c0000000)
  eden space 295936K, 100% used [0x00000007a0000000,0x00000007b2100000,0x00000007b2100000)
  from space 3584K, 96% used [0x00000007ba400000,0x00000007ba75f478,0x00000007ba780000)
  to   space 61952K, 0% used [0x00000007b2e80000,0x00000007b2e80000,0x00000007b6b00000)
 ParOldGen       total 164352K, used 91436K [0x0000000760000000, 0x000000076a080000, 0x00000007a0000000)
  object space 164352K, 55% used [0x0000000760000000,0x000000076594b1a8,0x000000076a080000)
 Metaspace       used 56022K, capacity 57322K, committed 57344K, reserved 1099776K
  class space    used 6828K, capacity 7162K, committed 7168K, reserved 1048576K
Event: 76.030 GC heap after
Heap after GC invocations=14 (full 3):
 PSYoungGen      total 371712K, used 24397K [0x00000007a0000000, 0x00000007c0000000, 0x00000007c0000000)
  eden space 309760K, 0% used [0x00000007a0000000,0x00000007a0000000,0x00000007b2e80000)
  from space 61952K, 39% used [0x00000007b2e80000,0x00000007b4653660,0x00000007b6b00000)
  to   space 58880K, 0% used [0x00000007bc680000,0x00000007bc680000,0x00000007c0000000)
 ParOldGen       total 164352K, used 91620K [0x0000000760000000, 0x000000076a080000, 0x00000007a0000000)
  object space 164352K, 55% used [0x0000000760000000,0x00000007659791a8,0x000000076a080000)
 Metaspace       used 56022K, capacity 57322K, committed 57344K, reserved 1099776K
  class space    used 6828K, capacity 7162K, committed 7168K, reserved 1048576K
}

